[debug] [2022-08-13T08:54:03.407Z] ----------------------------------------------------------------------
[debug] [2022-08-13T08:54:03.408Z] Command:       C:\Program Files\nodejs\node.exe C:\Program Files\nodejs\node_modules\firebase-tools\lib\bin\firebase.js init hosting
[debug] [2022-08-13T08:54:03.409Z] CLI Version:   11.6.0
[debug] [2022-08-13T08:54:03.409Z] Platform:      win32
[debug] [2022-08-13T08:54:03.409Z] Node Version:  v16.14.0
[debug] [2022-08-13T08:54:03.410Z] Time:          Sat Aug 13 2022 14:24:03 GMT+0530 (India Standard Time)
[debug] [2022-08-13T08:54:03.410Z] ----------------------------------------------------------------------
[debug] 
[debug] [2022-08-13T08:54:03.416Z] > command requires scopes: ["email","openid","https://www.googleapis.com/auth/cloudplatformprojects.readonly","https://www.googleapis.com/auth/firebase","https://www.googleapis.com/auth/cloud-platform"]
[debug] [2022-08-13T08:54:03.416Z] > authorizing via signed-in user (ursprajwal1@gmail.com)
[info] 
     ######## #### ########  ######## ########     ###     ######  ########
     ##        ##  ##     ## ##       ##     ##  ##   ##  ##       ##
     ######    ##  ########  ######   ########  #########  ######  ######
     ##        ##  ##    ##  ##       ##     ## ##     ##       ## ##
     ##       #### ##     ## ######## ########  ##     ##  ######  ########

You're about to initialize a Firebase project in this directory:

  E:\React_Projects\firebase-auth

[info] 
=== Project Setup
[info] 
[info] First, let's associate this project directory with a Firebase project.
[info] You can create multiple project aliases by running firebase use --add, 
[info] but for now we'll just set up a default project.
[info] 
[debug] [2022-08-13T08:54:08.338Z] >>> [apiv2][query] GET https://firebase.googleapis.com/v1beta1/projects pageSize=100
[debug] [2022-08-13T08:54:09.180Z] <<< [apiv2][status] GET https://firebase.googleapis.com/v1beta1/projects 200
[debug] [2022-08-13T08:54:09.181Z] <<< [apiv2][body] GET https://firebase.googleapis.com/v1beta1/projects [omitted]
[info] i  Using project crown-clothing-db-2789b (crown-clothing-db) 
[info] 
=== Hosting Setup
[info] 
[info] Your public directory is the folder (relative to your project directory) that
[info] will contain Hosting assets to be uploaded with firebase deploy. If you
[info] have a build process for your assets, use your build's output directory.
[info] 
[debug] [2022-08-13T08:54:35.650Z] >>> [apiv2][query] GET https://www.gstatic.com/firebasejs/releases.json [none]
[debug] [2022-08-13T08:54:35.838Z] <<< [apiv2][status] GET https://www.gstatic.com/firebasejs/releases.json 200
[debug] [2022-08-13T08:54:35.838Z] <<< [apiv2][body] GET https://www.gstatic.com/firebasejs/releases.json {"current":{"version":"9.9.2","browserURL":"https://www.gstatic.com/firebasejs/9.9.2/firebase.js","packageURL":"https://www.gstatic.com/firebasejs/9.9.2/firebase.tgz"},"live":{"version":"9.9","browserURL":"https://www.gstatic.com/firebasejs/live/9.9/firebase.js","packageURL":"https://www.gstatic.com/firebasejs/live/9.9/firebase.tgz"},"components":{"analytics":"https://www.gstatic.com/firebasejs/9.9.2/firebase-analytics.js","app":"https://www.gstatic.com/firebasejs/9.9.2/firebase-app.js","app-check":"https://www.gstatic.com/firebasejs/9.9.2/firebase-app-check.js","auth":"https://www.gstatic.com/firebasejs/9.9.2/firebase-auth.js","auth/cordova":"https://www.gstatic.com/firebasejs/9.9.2/firebase-auth/cordova.js","auth/react-native":"https://www.gstatic.com/firebasejs/9.9.2/firebase-auth/react-native.js","functions":"https://www.gstatic.com/firebasejs/9.9.2/firebase-functions.js","firestore":"https://www.gstatic.com/firebasejs/9.9.2/firebase-firestore.js","firestore/lite":"https://www.gstatic.com/firebasejs/9.9.2/firebase-firestore/lite.js","installations":"https://www.gstatic.com/firebasejs/9.9.2/firebase-installations.js","storage":"https://www.gstatic.com/firebasejs/9.9.2/firebase-storage.js","performance":"https://www.gstatic.com/firebasejs/9.9.2/firebase-performance.js","remote-config":"https://www.gstatic.com/firebasejs/9.9.2/firebase-remote-config.js","messaging":"https://www.gstatic.com/firebasejs/9.9.2/firebase-messaging.js","messaging/sw":"https://www.gstatic.com/firebasejs/9.9.2/firebase-messaging/sw.js","database":"https://www.gstatic.com/firebasejs/9.9.2/firebase-database.js","firestore.memory":"https://www.gstatic.com/firebasejs/9.9.2/firebase-firestore.memory.js"}}
[info] +  Wrote public/index.html 
[info] 
[info] i  Detected a .git folder at E:\React_Projects 
[info] i  Authorizing with GitHub to upload your service account to a GitHub repository's secrets store. 
[info] 
[info] Visit this URL on this device to log in:
[info] https://github.com/login/oauth/authorize?client_id=89cf50f02ac6aaed3484&state=406008192&redirect_uri=http%3A%2F%2Flocalhost%3A9005&scope=read%3Auser%20repo%20public_repo
[info] 
[info] Waiting for authentication...
[debug] [2022-08-13T08:54:57.355Z] >>> [apiv2][query] POST https://github.com/login/oauth/access_token [none]
[debug] [2022-08-13T08:54:57.355Z] >>> [apiv2][body] POST https://github.com/login/oauth/access_token [stream]
[debug] [2022-08-13T08:54:57.781Z] <<< [apiv2][status] POST https://github.com/login/oauth/access_token 200
[debug] [2022-08-13T08:54:57.782Z] <<< [apiv2][body] POST https://github.com/login/oauth/access_token {"access_token":"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","token_type":"bearer","scope":"read:user,repo"}
[debug] [2022-08-13T08:54:57.794Z] >>> [apiv2][query] GET https://api.github.com/user [none]
[debug] [2022-08-13T08:54:58.215Z] <<< [apiv2][status] GET https://api.github.com/user 200
[debug] [2022-08-13T08:54:58.216Z] <<< [apiv2][body] GET https://api.github.com/user {"login":"prajwal98","id":26449676,"node_id":"MDQ6VXNlcjI2NDQ5Njc2","avatar_url":"https://avatars.githubusercontent.com/u/26449676?v=4","gravatar_id":"","url":"https://api.github.com/users/prajwal98","html_url":"https://github.com/prajwal98","followers_url":"https://api.github.com/users/prajwal98/followers","following_url":"https://api.github.com/users/prajwal98/following{/other_user}","gists_url":"https://api.github.com/users/prajwal98/gists{/gist_id}","starred_url":"https://api.github.com/users/prajwal98/starred{/owner}{/repo}","subscriptions_url":"https://api.github.com/users/prajwal98/subscriptions","organizations_url":"https://api.github.com/users/prajwal98/orgs","repos_url":"https://api.github.com/users/prajwal98/repos","events_url":"https://api.github.com/users/prajwal98/events{/privacy}","received_events_url":"https://api.github.com/users/prajwal98/received_events","type":"User","site_admin":false,"name":"Dev","company":null,"blog":"https://prajwal98.github.io/portfolio/","location":"Mysore","email":"ursprajwal1@gmail.com","hireable":null,"bio":"I’m a web developer, Designer & Programmer. ","twitter_username":null,"public_repos":33,"public_gists":0,"followers":0,"following":1,"created_at":"2017-03-16T02:53:44Z","updated_at":"2022-05-03T05:40:24Z","private_gists":0,"total_private_repos":2,"owned_private_repos":2,"disk_usage":95779,"collaborators":0,"two_factor_authentication":false,"plan":{"name":"free","space":976562499,"collaborators":0,"private_repos":10000}}
[info] 
[info] +  Success! Logged into GitHub as prajwal98 
[info] 
[debug] [2022-08-13T08:55:19.264Z] >>> [apiv2][query] GET https://api.github.com/repos//actions/secrets/public-key type=owner
[debug] [2022-08-13T08:55:19.584Z] <<< [apiv2][status] GET https://api.github.com/repos//actions/secrets/public-key 404
[debug] [2022-08-13T08:55:19.585Z] <<< [apiv2][body] GET https://api.github.com/repos//actions/secrets/public-key {"message":"Not Found","documentation_url":"https://docs.github.com/rest"}
[debug] [2022-08-13T08:55:34.340Z] >>> [apiv2][query] GET https://api.github.com/repos/y/actions/secrets/public-key type=owner
[debug] [2022-08-13T08:55:34.657Z] <<< [apiv2][status] GET https://api.github.com/repos/y/actions/secrets/public-key 404
[debug] [2022-08-13T08:55:34.657Z] <<< [apiv2][body] GET https://api.github.com/repos/y/actions/secrets/public-key {"message":"Not Found","documentation_url":"https://docs.github.com/rest"}
[debug] [2022-08-13T08:56:03.013Z] >>> [apiv2][query] GET https://api.github.com/repos/prajwal98/crwn/actions/secrets/public-key type=owner
[debug] [2022-08-13T08:56:03.359Z] <<< [apiv2][status] GET https://api.github.com/repos/prajwal98/crwn/actions/secrets/public-key 404
[debug] [2022-08-13T08:56:03.360Z] <<< [apiv2][body] GET https://api.github.com/repos/prajwal98/crwn/actions/secrets/public-key {"message":"Not Found","documentation_url":"https://docs.github.com/rest/reference/actions#get-a-repository-public-key"}
[debug] [2022-08-13T08:56:06.085Z] >>> [apiv2][query] GET https://api.github.com/repos/prajwal98/crwn/actions/secrets/public-key type=owner
[debug] [2022-08-13T08:56:06.349Z] >>> [apiv2][query] GET https://api.github.com/repos//actions/secrets/public-key type=owner
[debug] [2022-08-13T08:56:06.399Z] <<< [apiv2][status] GET https://api.github.com/repos/prajwal98/crwn/actions/secrets/public-key 404
[debug] [2022-08-13T08:56:06.399Z] <<< [apiv2][body] GET https://api.github.com/repos/prajwal98/crwn/actions/secrets/public-key {"message":"Not Found","documentation_url":"https://docs.github.com/rest/reference/actions#get-a-repository-public-key"}
[debug] [2022-08-13T08:56:06.661Z] <<< [apiv2][status] GET https://api.github.com/repos//actions/secrets/public-key 404
[debug] [2022-08-13T08:56:06.661Z] <<< [apiv2][body] GET https://api.github.com/repos//actions/secrets/public-key {"message":"Not Found","documentation_url":"https://docs.github.com/rest"}
